Using pre-set license
Built from '2020.3/china_unity/release' branch; Version is '2020.3.25f1c1 (fd09ccef852e) revision 16583116'; Using compiler version '192528614'; Build Type 'Release'
OS: 'Windows 10  (10.0.19045) 64bit CoreCountrySpecific' Language: 'zh' Physical Memory: 24413 MB
BatchMode: 1, IsHumanControllingUs: 0, StartBugReporterOnCrash: 0, Is64bit: 1, IsPro: 0

COMMAND LINE ARGUMENTS:
D:\UnityHub\Editor\2020.3.25f1c1\Editor\Unity.exe
-adb2
-batchMode
-noUpm
-name
AssetImportWorker0
-projectPath
F:/heartdoor
-logFile
Logs/AssetImportWorker0.log
-srvPort
12051
Successfully changed project path to: F:/heartdoor
F:/heartdoor
Using Asset Import Pipeline V2.
AS: AutoStreaming module initializing.Refreshing native plugins compatible for Editor in 47.17 ms, found 3 plugins.
Preloading 0 native plugins for Editor in 0.00 ms.
Initialize engine version: 2020.3.25f1c1 (fd09ccef852e)
[Subsystems] Discovering subsystems at path D:/UnityHub/Editor/2020.3.25f1c1/Editor/Data/Resources/UnitySubsystems
[Subsystems] Discovering subsystems at path F:/heartdoor/Assets
GfxDevice: creating device client; threaded=0
Direct3D:
    Version:  Direct3D 11.0 [level 11.1]
    Renderer: NVIDIA GeForce RTX 2060 (ID=0x1f11)
    Vendor:   
    VRAM:     5980 MB
    Driver:   27.21.14.6589
Initialize mono
Mono path[0] = 'D:/UnityHub/Editor/2020.3.25f1c1/Editor/Data/Managed'
Mono path[1] = 'D:/UnityHub/Editor/2020.3.25f1c1/Editor/Data/MonoBleedingEdge/lib/mono/unityjit'
Mono config path = 'D:/UnityHub/Editor/2020.3.25f1c1/Editor/Data/MonoBleedingEdge/etc'
Using monoOptions --debugger-agent=transport=dt_socket,embedding=1,server=y,suspend=n,address=127.0.0.1:56628
Begin MonoManager ReloadAssembly
Registering precompiled unity dll's ...
Register platform support module: D:/UnityHub/Editor/2020.3.25f1c1/Editor/Data/PlaybackEngines/WindowsStandaloneSupport/UnityEditor.WindowsStandalone.Extensions.dll
Registered in 0.002763 seconds.
Native extension for WindowsStandalone target not found
Refreshing native plugins compatible for Editor in 42.75 ms, found 3 plugins.
Preloading 0 native plugins for Editor in 0.00 ms.
Mono: successfully reloaded assembly
- Completed reload, in  0.564 seconds
Domain Reload Profiling:
	ReloadAssembly (565ms)
		BeginReloadAssembly (59ms)
			ExecutionOrderSort (0ms)
			DisableScriptedObjects (0ms)
			BackupInstance (0ms)
			ReleaseScriptingObjects (0ms)
			CreateAndSetChildDomain (1ms)
		EndReloadAssembly (433ms)
			LoadAssemblies (56ms)
			RebuildTransferFunctionScriptingTraits (0ms)
			SetupTypeCache (143ms)
			ReleaseScriptCaches (0ms)
			RebuildScriptCaches (29ms)
			SetupLoadedEditorAssemblies (161ms)
				LogAssemblyErrors (0ms)
				InitializePlatformSupportModulesInManaged (4ms)
				SetLoadedEditorAssemblies (0ms)
				RefreshPlugins (43ms)
				BeforeProcessingInitializeOnLoad (16ms)
				ProcessInitializeOnLoadAttributes (72ms)
				ProcessInitializeOnLoadMethodAttributes (26ms)
				AfterProcessingInitializeOnLoad (0ms)
				EditorAssembliesLoaded (0ms)
			ExecutionOrderSort2 (0ms)
			AwakeInstancesAfterBackupRestoration (0ms)
Platform modules already initialized, skipping
Registering precompiled user dll's ...
Registered in 0.007538 seconds.
Begin MonoManager ReloadAssembly
Native extension for WindowsStandalone target not found
Refreshing native plugins compatible for Editor in 47.75 ms, found 3 plugins.
Preloading 0 native plugins for Editor in 0.00 ms.
Mono: successfully reloaded assembly
- Completed reload, in  1.131 seconds
Domain Reload Profiling:
	ReloadAssembly (1132ms)
		BeginReloadAssembly (141ms)
			ExecutionOrderSort (0ms)
			DisableScriptedObjects (4ms)
			BackupInstance (0ms)
			ReleaseScriptingObjects (0ms)
			CreateAndSetChildDomain (17ms)
		EndReloadAssembly (928ms)
			LoadAssemblies (106ms)
			RebuildTransferFunctionScriptingTraits (0ms)
			SetupTypeCache (310ms)
			ReleaseScriptCaches (0ms)
			RebuildScriptCaches (43ms)
			SetupLoadedEditorAssemblies (349ms)
				LogAssemblyErrors (0ms)
				InitializePlatformSupportModulesInManaged (3ms)
				SetLoadedEditorAssemblies (0ms)
				RefreshPlugins (48ms)
				BeforeProcessingInitializeOnLoad (94ms)
				ProcessInitializeOnLoadAttributes (180ms)
				ProcessInitializeOnLoadMethodAttributes (17ms)
				AfterProcessingInitializeOnLoad (8ms)
				EditorAssembliesLoaded (0ms)
			ExecutionOrderSort2 (0ms)
			AwakeInstancesAfterBackupRestoration (6ms)
Platform modules already initialized, skipping
========================================================================
Worker process is ready to serve import requests
Launched and connected shader compiler UnityShaderCompiler.exe after 0.05 seconds
Refreshing native plugins compatible for Editor in 0.44 ms, found 3 plugins.
Preloading 0 native plugins for Editor in 0.00 ms.
Unloading 2194 Unused Serialized files (Serialized files now loaded: 0)
System memory in use before: 98.2 MB.
System memory in use after: 98.3 MB.

Unloading 28 unused Assets to reduce memory usage. Loaded Objects now: 2628.
Total: 2.924100 ms (FindLiveObjects: 0.184400 ms CreateObjectMapping: 0.074800 ms MarkObjects: 2.607300 ms  DeleteObjects: 0.056200 ms)

AssetImportParameters requested are different than current active one (requested -> active):
  custom:framework-win-MediaFoundation: 216162199b28c13a410421893ffa2e32 -> 
  custom:video-decoder-ogg-theora: a1e56fd34408186e4bbccfd4996cb3dc -> 
  custom:container-muxer-webm: aa71ff27fc2769a1b78a27578f13a17b -> 
  custom:container-demuxer-webm: 4f35f7cbe854078d1ac9338744f61a02 -> 
  custom:container-demuxer-ogg: 62fdf1f143b41e24485cea50d1cbac27 -> 
  custom:video-encoder-webm-vp8: eb34c28f22e8b96e1ab97ce403110664 -> 
  custom:video-codec-MediaFoundation-h265: 746d11721c4dcdbdad8f713fa42b33f4 -> 
  custom:video-decoder-webm-vp8: 9c59270c3fd7afecdb556c50c9e8de78 -> 
  custom:audio-decoder-ogg-vorbis: bf7c407c2cedff20999df2af8eb42d56 -> 
  custom:audio-encoder-webm-vorbis: bf7c407c2cedff20999df2af8eb42d56 -> 
========================================================================
Received Import Request.
  path: Assets/Scenes/SampleScene.unity
  artifactKey: Guid(2cda990e2423bbf4892e6590ba056729) Importer(815301076,1909f56bfc062723c751e8b465ee728b)
Start importing Assets/Scenes/SampleScene.unity using Guid(2cda990e2423bbf4892e6590ba056729) Importer(815301076,1909f56bfc062723c751e8b465ee728b)  -> (artifact id: 'aa27944bdea339c97c39027c7eea529c') in 0.012946 seconds 
  Import took 0.015895 seconds .

========================================================================
Received Import Request.
  Time since last request: 106.759876 seconds.
  path: Assets/Scenes/Persistant.unity
  artifactKey: Guid(2cda990e2423bbf4892e6590ba056729) Importer(815301076,1909f56bfc062723c751e8b465ee728b)
Start importing Assets/Scenes/Persistant.unity using Guid(2cda990e2423bbf4892e6590ba056729) Importer(815301076,1909f56bfc062723c751e8b465ee728b)  -> (artifact id: 'ffc9c8394db3e9189682b52366705199') in 0.005128 seconds 
  Import took 0.011886 seconds .

========================================================================
Received Import Request.
  Time since last request: 11.357863 seconds.
  path: Assets/Scenes/Persistent.unity
  artifactKey: Guid(2cda990e2423bbf4892e6590ba056729) Importer(815301076,1909f56bfc062723c751e8b465ee728b)
Start importing Assets/Scenes/Persistent.unity using Guid(2cda990e2423bbf4892e6590ba056729) Importer(815301076,1909f56bfc062723c751e8b465ee728b)  -> (artifact id: 'f876dcc4eb9e18221b808f4b0e16bf1f') in 0.004153 seconds 
  Import took 0.007642 seconds .

========================================================================
Received Import Request.
  Time since last request: 20.161206 seconds.
  path: Assets/Scenes
  artifactKey: Guid(9658fc966975a314f8516e193c15085c) Importer(815301076,1909f56bfc062723c751e8b465ee728b)
Start importing Assets/Scenes using Guid(9658fc966975a314f8516e193c15085c) Importer(815301076,1909f56bfc062723c751e8b465ee728b)  -> (artifact id: 'baa6398c105ceb19f1ddac05218a9dce') in 0.003570 seconds 
  Import took 0.007020 seconds .

========================================================================
Received Import Request.
  Time since last request: 12.523835 seconds.
  path: Assets/Scenes/New Scene.unity
  artifactKey: Guid(d5450468df9b1cb4ca692da95b2d08b1) Importer(815301076,1909f56bfc062723c751e8b465ee728b)
Start importing Assets/Scenes/New Scene.unity using Guid(d5450468df9b1cb4ca692da95b2d08b1) Importer(815301076,1909f56bfc062723c751e8b465ee728b)  -> (artifact id: '3124ff40a6a7fc9aa068e7391a5e2665') in 0.005658 seconds 
  Import took 0.009235 seconds .

========================================================================
Received Import Request.
  Time since last request: 74.392510 seconds.
  path: Assets/Scenes/Hall.unity
  artifactKey: Guid(d5450468df9b1cb4ca692da95b2d08b1) Importer(815301076,1909f56bfc062723c751e8b465ee728b)
Start importing Assets/Scenes/Hall.unity using Guid(d5450468df9b1cb4ca692da95b2d08b1) Importer(815301076,1909f56bfc062723c751e8b465ee728b)  -> (artifact id: 'd1a129ba0b0c084a8ac210e7fb533b25') in 0.004023 seconds 
  Import took 0.007498 seconds .

========================================================================
Received Import Request.
  Time since last request: 81.513078 seconds.
  path: Assets/美术素材
  artifactKey: Guid(faeb01ff2a2494f45a0e5a05c87b68a4) Importer(815301076,1909f56bfc062723c751e8b465ee728b)
Start importing Assets/美术素材 using Guid(faeb01ff2a2494f45a0e5a05c87b68a4) Importer(815301076,1909f56bfc062723c751e8b465ee728b)  -> (artifact id: '4011e3fcd11778e6c51426ffb1f1a1cd') in 0.004149 seconds 
  Import took 0.007700 seconds .

========================================================================
Received Import Request.
  Time since last request: 145.763619 seconds.
  path: Assets/Sprites
  artifactKey: Guid(faeb01ff2a2494f45a0e5a05c87b68a4) Importer(815301076,1909f56bfc062723c751e8b465ee728b)
Start importing Assets/Sprites using Guid(faeb01ff2a2494f45a0e5a05c87b68a4) Importer(815301076,1909f56bfc062723c751e8b465ee728b)  -> (artifact id: '976de349c4806d3bf1579116814ab0e5') in 0.003811 seconds 
  Import took 0.007605 seconds .

========================================================================
Received Import Request.
  Time since last request: 11.256531 seconds.
  path: Assets/Sprites/Hall
  artifactKey: Guid(39e6c902245bfdc4fa8759f488f4cd80) Importer(815301076,1909f56bfc062723c751e8b465ee728b)
Start importing Assets/Sprites/Hall using Guid(39e6c902245bfdc4fa8759f488f4cd80) Importer(815301076,1909f56bfc062723c751e8b465ee728b)  -> (artifact id: '5634f63ffc5d15810f15b2cfe30fcf49') in 0.003676 seconds 
  Import took 0.007212 seconds .

========================================================================
Received Import Request.
  Time since last request: 52.488447 seconds.
  path: Assets/Sprites/Hall/礼堂.png
  artifactKey: Guid(7a22d9421265e2d4bad22d135a3d2ca3) Importer(815301076,1909f56bfc062723c751e8b465ee728b)
Start importing Assets/Sprites/Hall/礼堂.png using Guid(7a22d9421265e2d4bad22d135a3d2ca3) Importer(815301076,1909f56bfc062723c751e8b465ee728b)  -> (artifact id: '617f305609fe015f74dfaf02894ff678') in 0.110317 seconds 
  Import took 0.113835 seconds .

========================================================================
Received Import Request.
  Time since last request: 227.551307 seconds.
  path: Assets/Sprites/Hall/礼堂.png
  artifactKey: Guid(7a22d9421265e2d4bad22d135a3d2ca3) Importer(815301076,1909f56bfc062723c751e8b465ee728b)
Start importing Assets/Sprites/Hall/礼堂.png using Guid(7a22d9421265e2d4bad22d135a3d2ca3) Importer(815301076,1909f56bfc062723c751e8b465ee728b)  -> (artifact id: '7909b45e1da2b5ef6ed9a7e0295643ca') in 0.026162 seconds 
  Import took 0.030103 seconds .

========================================================================
Received Import Request.
  Time since last request: 3.370587 seconds.
  path: Assets/Sprites/Hall/Hall.png
  artifactKey: Guid(7a22d9421265e2d4bad22d135a3d2ca3) Importer(815301076,1909f56bfc062723c751e8b465ee728b)
Start importing Assets/Sprites/Hall/Hall.png using Guid(7a22d9421265e2d4bad22d135a3d2ca3) Importer(815301076,1909f56bfc062723c751e8b465ee728b)  -> (artifact id: '04be7bb8a658404d9da9da43ba21254d') in 0.023933 seconds 
  Import took 0.027822 seconds .

========================================================================
Received Import Request.
  Time since last request: 212.536855 seconds.
  path: Assets/Scenes/Hall.unity
  artifactKey: Guid(d5450468df9b1cb4ca692da95b2d08b1) Importer(815301076,1909f56bfc062723c751e8b465ee728b)
Start importing Assets/Scenes/Hall.unity using Guid(d5450468df9b1cb4ca692da95b2d08b1) Importer(815301076,1909f56bfc062723c751e8b465ee728b)  -> (artifact id: 'cab2d48e2c622eddc944de519d5c4968') in 0.003779 seconds 
  Import took 0.007873 seconds .

========================================================================
Received Import Request.
  Time since last request: 11.960719 seconds.
  path: Assets/Scenes/Hall 1.unity
  artifactKey: Guid(20cff7b99348420479a5f9a0a2a83205) Importer(815301076,1909f56bfc062723c751e8b465ee728b)
Start importing Assets/Scenes/Hall 1.unity using Guid(20cff7b99348420479a5f9a0a2a83205) Importer(815301076,1909f56bfc062723c751e8b465ee728b)  -> (artifact id: 'd56e644e383e25320402ab6da1ae9185') in 0.003994 seconds 
  Import took 0.007435 seconds .

========================================================================
Received Import Request.
  Time since last request: 14.212893 seconds.
  path: Assets/Scenes/HallOutside.unity
  artifactKey: Guid(20cff7b99348420479a5f9a0a2a83205) Importer(815301076,1909f56bfc062723c751e8b465ee728b)
Start importing Assets/Scenes/HallOutside.unity using Guid(20cff7b99348420479a5f9a0a2a83205) Importer(815301076,1909f56bfc062723c751e8b465ee728b)  -> (artifact id: 'a78f33bca9b2743998de60f3b4f3f266') in 0.004039 seconds 
  Import took 0.008271 seconds .

========================================================================
Received Import Request.
  Time since last request: 12.074657 seconds.
  path: Assets/Scenes/Hall Outside.unity
  artifactKey: Guid(20cff7b99348420479a5f9a0a2a83205) Importer(815301076,1909f56bfc062723c751e8b465ee728b)
Start importing Assets/Scenes/Hall Outside.unity using Guid(20cff7b99348420479a5f9a0a2a83205) Importer(815301076,1909f56bfc062723c751e8b465ee728b)  -> (artifact id: 'ffbb65f89d60ac01db22b27ebd6abcbd') in 0.003916 seconds 
  Import took 0.007611 seconds .

========================================================================
Received Import Request.
  Time since last request: 288.702038 seconds.
  path: Assets/Scenes/Hall Outside 1.unity
  artifactKey: Guid(2c77e77a3af693e41b2e9c04e9fa44cf) Importer(815301076,1909f56bfc062723c751e8b465ee728b)
Start importing Assets/Scenes/Hall Outside 1.unity using Guid(2c77e77a3af693e41b2e9c04e9fa44cf) Importer(815301076,1909f56bfc062723c751e8b465ee728b)  -> (artifact id: '1d67efb1682e4ee19f9283afaff33e34') in 0.003967 seconds 
  Import took 0.008191 seconds .

========================================================================
Received Import Request.
  Time since last request: 12.135110 seconds.
  path: Assets/Scenes/UnderTheTree.unity
  artifactKey: Guid(2c77e77a3af693e41b2e9c04e9fa44cf) Importer(815301076,1909f56bfc062723c751e8b465ee728b)
Start importing Assets/Scenes/UnderTheTree.unity using Guid(2c77e77a3af693e41b2e9c04e9fa44cf) Importer(815301076,1909f56bfc062723c751e8b465ee728b)  -> (artifact id: 'b543319a5c2744a8e1d1036ff3cbbe39') in 0.003941 seconds 
  Import took 0.007356 seconds .

========================================================================
Received Import Request.
  Time since last request: 275.414601 seconds.
  path: Assets/Scenes/New Folder
  artifactKey: Guid(15e8285c453a23d44bf87ad49db6094e) Importer(815301076,1909f56bfc062723c751e8b465ee728b)
Start importing Assets/Scenes/New Folder using Guid(15e8285c453a23d44bf87ad49db6094e) Importer(815301076,1909f56bfc062723c751e8b465ee728b)  -> (artifact id: '42367b2ea4e53a0bbbb6d274eb508f42') in 0.004229 seconds 
  Import took 0.008446 seconds .

========================================================================
Received Import Request.
  Time since last request: 15.317723 seconds.
  path: Assets/Scenes/ZeroScene
  artifactKey: Guid(15e8285c453a23d44bf87ad49db6094e) Importer(815301076,1909f56bfc062723c751e8b465ee728b)
Start importing Assets/Scenes/ZeroScene using Guid(15e8285c453a23d44bf87ad49db6094e) Importer(815301076,1909f56bfc062723c751e8b465ee728b)  -> (artifact id: '10b65e133b56468cccc049b81a2090c4') in 0.003589 seconds 
  Import took 0.007715 seconds .

========================================================================
Received Import Request.
  Time since last request: 64.561315 seconds.
  path: Assets/Sprites/Hall/礼堂外.png
  artifactKey: Guid(73de06c5251e7b545bad9c0b5df0ef99) Importer(815301076,1909f56bfc062723c751e8b465ee728b)
Start importing Assets/Sprites/Hall/礼堂外.png using Guid(73de06c5251e7b545bad9c0b5df0ef99) Importer(815301076,1909f56bfc062723c751e8b465ee728b)  -> (artifact id: '7c628d051733d7fd20ef63180165f3b9') in 0.034183 seconds 
  Import took 0.039990 seconds .

========================================================================
Received Import Request.
  Time since last request: 8.162978 seconds.
  path: Assets/Sprites/Hall/Hall Outside.png
  artifactKey: Guid(73de06c5251e7b545bad9c0b5df0ef99) Importer(815301076,1909f56bfc062723c751e8b465ee728b)
Start importing Assets/Sprites/Hall/Hall Outside.png using Guid(73de06c5251e7b545bad9c0b5df0ef99) Importer(815301076,1909f56bfc062723c751e8b465ee728b)  -> (artifact id: 'b38ec9e4198ce0bc1a8fa1417f6be09a') in 0.018096 seconds 
  Import took 0.021785 seconds .

========================================================================
Received Import Request.
  Time since last request: 3.823957 seconds.
  path: Assets/Sprites/Hall/树下.png
  artifactKey: Guid(f318ec4a9bdefa3428af0bdd2e28bc6d) Importer(815301076,1909f56bfc062723c751e8b465ee728b)
Start importing Assets/Sprites/Hall/树下.png using Guid(f318ec4a9bdefa3428af0bdd2e28bc6d) Importer(815301076,1909f56bfc062723c751e8b465ee728b)  -> (artifact id: '0196a0f8fa7e18a0e31c95340cad8183') in 0.024393 seconds 
  Import took 0.027804 seconds .

========================================================================
Received Import Request.
  Time since last request: 6.855130 seconds.
  path: Assets/Sprites/Hall/UnderTheTree.png
  artifactKey: Guid(f318ec4a9bdefa3428af0bdd2e28bc6d) Importer(815301076,1909f56bfc062723c751e8b465ee728b)
Start importing Assets/Sprites/Hall/UnderTheTree.png using Guid(f318ec4a9bdefa3428af0bdd2e28bc6d) Importer(815301076,1909f56bfc062723c751e8b465ee728b)  -> (artifact id: 'd90ce03333f3e23eb95539cb85f722be') in 0.017773 seconds 
  Import took 0.021237 seconds .

========================================================================
Received Import Request.
  Time since last request: 84.764576 seconds.
  path: Assets/Sprites/Scene
  artifactKey: Guid(e05b9679ee159874f8f41caac3a67a9a) Importer(815301076,1909f56bfc062723c751e8b465ee728b)
Start importing Assets/Sprites/Scene using Guid(e05b9679ee159874f8f41caac3a67a9a) Importer(815301076,1909f56bfc062723c751e8b465ee728b)  -> (artifact id: 'f805822c45f2ab4efe4a30b32572b4d1') in 0.003541 seconds 
  Import took 0.007308 seconds .

========================================================================
Received Import Request.
  Time since last request: 9.393824 seconds.
  path: Assets/Sprites/场景素材
  artifactKey: Guid(e05b9679ee159874f8f41caac3a67a9a) Importer(815301076,1909f56bfc062723c751e8b465ee728b)
Start importing Assets/Sprites/场景素材 using Guid(e05b9679ee159874f8f41caac3a67a9a) Importer(815301076,1909f56bfc062723c751e8b465ee728b)  -> (artifact id: '0d574200f44c5caf1ba1632096d5b6e0') in 0.003909 seconds 
  Import took 0.008742 seconds .

AssetImportWorkerClient::OnTransportError - code=2 error=End of file
